{"/Users/danielmotta/Documents/estudos/repo_list/src/global/colors.ts": {"path":"/Users/danielmotta/Documents/estudos/repo_list/src/global/colors.ts","statementMap":{"0":{"start":{"line":1,"column":15},"end":{"line":8,"column":1}}},"fnMap":{},"branchMap":{},"s":{"0":1},"f":{},"b":{},"_coverageSchema":"1a1c01bbd47fc00a2c39e90264f33305004495a9","hash":"674f6e3c689919452aa86d3279ba818536331613"}
,"/Users/danielmotta/Documents/estudos/repo_list/src/global/typography.ts": {"path":"/Users/danielmotta/Documents/estudos/repo_list/src/global/typography.ts","statementMap":{"0":{"start":{"line":1,"column":23},"end":{"line":20,"column":1}}},"fnMap":{},"branchMap":{},"s":{"0":1},"f":{},"b":{},"_coverageSchema":"1a1c01bbd47fc00a2c39e90264f33305004495a9","hash":"4b3b730bdc33ff1cbde05a77c7072333e2c256cb"}
,"/Users/danielmotta/Documents/estudos/repo_list/src/shared/Input/index.tsx": {"path":"/Users/danielmotta/Documents/estudos/repo_list/src/shared/Input/index.tsx","statementMap":{"0":{"start":{"line":4,"column":0},"end":{"line":4,"column":16}},"1":{"start":{"line":11,"column":32},"end":{"line":28,"column":1}},"2":{"start":{"line":12,"column":2},"end":{"line":27,"column":4}}},"fnMap":{"0":{"name":"(anonymous_0)","decl":{"start":{"line":11,"column":32},"end":{"line":11,"column":33}},"loc":{"start":{"line":11,"column":105},"end":{"line":28,"column":1}},"line":11}},"branchMap":{},"s":{"0":1,"1":1,"2":2},"f":{"0":2},"b":{},"_coverageSchema":"1a1c01bbd47fc00a2c39e90264f33305004495a9","hash":"8dbf38367140b3a1931e513fb0bf2f9e6dd4bbae"}
,"/Users/danielmotta/Documents/estudos/repo_list/src/shared/Input/styles.ts": {"path":"/Users/danielmotta/Documents/estudos/repo_list/src/shared/Input/styles.ts","statementMap":{"0":{"start":{"line":6,"column":25},"end":{"line":6,"column":38}},"1":{"start":{"line":8,"column":20},"end":{"line":8,"column":56}},"2":{"start":{"line":9,"column":31},"end":{"line":17,"column":1}},"3":{"start":{"line":19,"column":24},"end":{"line":24,"column":1}}},"fnMap":{},"branchMap":{},"s":{"0":1,"1":1,"2":1,"3":1},"f":{},"b":{},"_coverageSchema":"1a1c01bbd47fc00a2c39e90264f33305004495a9","hash":"be1990bf0348523cf5a7c983908b5f678fbed8ce"}
}
